<?xml version="1.0" encoding="UTF-8"?>
<testng-results ignored="0" total="1" passed="1" failed="0" skipped="0">
  <reporter-output>
  </reporter-output>
  <suite started-at="2024-02-22T11:08:30 IST" name="Default suite" finished-at="2024-02-22T11:08:31 IST" duration-ms="995">
    <groups>
    </groups>
    <test started-at="2024-02-22T11:08:30 IST" name="Default test" finished-at="2024-02-22T11:08:31 IST" duration-ms="995">
      <class name="com.Utills.GetExtentReport">
        <test-method signature="getReport()[pri:0, instance:com.Utills.GetExtentReport@7205765b]" started-at="2024-02-22T11:08:30 IST" name="getReport" finished-at="2024-02-22T11:08:31 IST" duration-ms="943" status="PASS">
          <reporter-output>
          </reporter-output>
        </test-method> <!-- getReport -->
      </class> <!-- com.Utills.GetExtentReport -->
    </test> <!-- Default test -->
  </suite> <!-- Default suite -->
</testng-results>
